{"C:\\Project\\ajs8-test-ci\\pure-functions\\src\\js\\basic.js": {"path":"C:\\Project\\ajs8-test-ci\\pure-functions\\src\\js\\basic.js","statementMap":{"0":{"start":{"line":2,"column":26},"end":{"line":6,"column":3}},"1":{"start":{"line":7,"column":2},"end":{"line":7,"column":93}},"2":{"start":{"line":7,"column":53},"end":{"line":7,"column":91}}},"fnMap":{"0":{"name":"getColor","decl":{"start":{"line":1,"column":24},"end":{"line":1,"column":32}},"loc":{"start":{"line":1,"column":41},"end":{"line":8,"column":1}},"line":1},"1":{"name":"(anonymous_1)","decl":{"start":{"line":7,"column":43},"end":{"line":7,"column":44}},"loc":{"start":{"line":7,"column":53},"end":{"line":7,"column":91}},"line":7}},"branchMap":{},"s":{"0":3,"1":3,"2":6},"f":{"0":3,"1":6},"b":{},"_coverageSchema":"1a1c01bbd47fc00a2c39e90264f33305004495a9","hash":"cb489dfcd324198c3c2ae062bc6bf04cc7152478"}
}
